<?xml version="1.0" encoding="UTF-8"?>
<!-- Generated by org.testng.reporters.JUnitXMLReporter -->
<testsuite ignored="0" hostname="MAVPUN1121205" failures="1" tests="1" name="Default test" time="20.729" errors="0" timestamp="2024-04-03T15:45:14 IST">
  <testcase classname="rahulshettyacademy.LongPress" name="LongGesture" time="5.538">
    <failure type="org.openqa.selenium.UnsupportedCommandException" message="Unknown mobile command &amp;quot;mobile: longClickGesture || touchAndHold&amp;quot;. Only shell, execEmuConsoleCommand, dragGesture, flingGesture, doubleClickGesture, clickGesture, longClickGesture, pinchCloseGesture, pinchOpenGesture, swipeGesture, scrollGesture, scrollBackTo, scroll, viewportScreenshot, viewportRect, deepLink, startLogsBroadcast, stopLogsBroadcast, deviceidle, acceptAlert, dismissAlert, batteryInfo, deviceInfo, getDeviceTime, changePermissions, getPermissions, performEditorAction, startScreenStreaming, stopScreenStreaming, getNotifications, openNotifications, listSms, type, replaceElementValue, pushFile, pullFile, pullFolder, deleteFile, isAppInstalled, queryAppState, activateApp, removeApp, terminateApp, installApp, clearApp, backgroundApp, getCurrentActivity, getCurrentPackage, startActivity, startService, stopService, broadcast, getContexts, getAppStrings, installMultipleApks, lock, unlock, isLocked, refreshGpsCache, startMediaProjectionRecording, isMediaProjectionRecordingRunning, stopMediaProjectionRecording, getConnectivity, setConnectivity, toggleGps, isGpsEnabled, hideKeyboard, isKeyboardShown, pressKey, getDisplayDensity, getSystemBars, fingerprint, sendSms, gsmCall, gsmSignal, gsmVoice, powerAc, powerCapacity, networkSpeed, sensorSet, getPerformanceData, getPerformanceDataTypes, statusBar, screenshots, scheduleAction, getActionHistory, unscheduleAction, getUiMode, setUiMode, sendTrimMemory commands are supported.
Build info: version: &amp;apos;4.19.1&amp;apos;, revision: &amp;apos;abe0ee07dc&amp;apos;
System info: os.name: &amp;apos;Windows 10&amp;apos;, os.arch: &amp;apos;amd64&amp;apos;, os.version: &amp;apos;10.0&amp;apos;, java.version: &amp;apos;17.0.8.1&amp;apos;
Driver info: io.appium.java_client.android.AndroidDriver
Command: [f3211f66-390a-4416-9011-94d8007a4dbe, executeScript {args=[{elementId=00000000-0000-0097-ffff-ffff00000045, duration=2000}], script=mobile: longClickGesture || touchAndHold}]
Capabilities {appium:app: C://automationTraining//App..., appium:appPackage: io.appium.android.apis, appium:automationName: UIAutomator2, appium:databaseEnabled: false, appium:desired: {app: C://automationTraining//App..., automationName: UIAutomator2, deviceName: AkshayMobile, platformName: ANDROID}, appium:deviceApiLevel: 34, appium:deviceManufacturer: Google, appium:deviceModel: sdk_gphone64_x86_64, appium:deviceName: emulator-5554, appium:deviceScreenDensity: 440, appium:deviceScreenSize: 1080x2220, appium:deviceUDID: emulator-5554, appium:javascriptEnabled: true, appium:locationContextEnabled: false, appium:networkConnectionEnabled: true, appium:pixelRatio: 2.75, appium:platformVersion: 14, appium:statBarHeight: 66, appium:takesScreenshot: true, appium:viewportRect: {height: 2154, left: 0, top: 66, width: 1080}, appium:warnings: {}, appium:webStorageEnabled: false, platformName: ANDROID}
Session ID: f3211f66-390a-4416-9011-94d8007a4dbe">
      <![CDATA[org.openqa.selenium.UnsupportedCommandException: Unknown mobile command "mobile: longClickGesture || touchAndHold". Only shell, execEmuConsoleCommand, dragGesture, flingGesture, doubleClickGesture, clickGesture, longClickGesture, pinchCloseGesture, pinchOpenGesture, swipeGesture, scrollGesture, scrollBackTo, scroll, viewportScreenshot, viewportRect, deepLink, startLogsBroadcast, stopLogsBroadcast, deviceidle, acceptAlert, dismissAlert, batteryInfo, deviceInfo, getDeviceTime, changePermissions, getPermissions, performEditorAction, startScreenStreaming, stopScreenStreaming, getNotifications, openNotifications, listSms, type, replaceElementValue, pushFile, pullFile, pullFolder, deleteFile, isAppInstalled, queryAppState, activateApp, removeApp, terminateApp, installApp, clearApp, backgroundApp, getCurrentActivity, getCurrentPackage, startActivity, startService, stopService, broadcast, getContexts, getAppStrings, installMultipleApks, lock, unlock, isLocked, refreshGpsCache, startMediaProjectionRecording, isMediaProjectionRecordingRunning, stopMediaProjectionRecording, getConnectivity, setConnectivity, toggleGps, isGpsEnabled, hideKeyboard, isKeyboardShown, pressKey, getDisplayDensity, getSystemBars, fingerprint, sendSms, gsmCall, gsmSignal, gsmVoice, powerAc, powerCapacity, networkSpeed, sensorSet, getPerformanceData, getPerformanceDataTypes, statusBar, screenshots, scheduleAction, getActionHistory, unscheduleAction, getUiMode, setUiMode, sendTrimMemory commands are supported.
Build info: version: '4.19.1', revision: 'abe0ee07dc'
System info: os.name: 'Windows 10', os.arch: 'amd64', os.version: '10.0', java.version: '17.0.8.1'
Driver info: io.appium.java_client.android.AndroidDriver
Command: [f3211f66-390a-4416-9011-94d8007a4dbe, executeScript {args=[{elementId=00000000-0000-0097-ffff-ffff00000045, duration=2000}], script=mobile: longClickGesture || touchAndHold}]
Capabilities {appium:app: C://automationTraining//App..., appium:appPackage: io.appium.android.apis, appium:automationName: UIAutomator2, appium:databaseEnabled: false, appium:desired: {app: C://automationTraining//App..., automationName: UIAutomator2, deviceName: AkshayMobile, platformName: ANDROID}, appium:deviceApiLevel: 34, appium:deviceManufacturer: Google, appium:deviceModel: sdk_gphone64_x86_64, appium:deviceName: emulator-5554, appium:deviceScreenDensity: 440, appium:deviceScreenSize: 1080x2220, appium:deviceUDID: emulator-5554, appium:javascriptEnabled: true, appium:locationContextEnabled: false, appium:networkConnectionEnabled: true, appium:pixelRatio: 2.75, appium:platformVersion: 14, appium:statBarHeight: 66, appium:takesScreenshot: true, appium:viewportRect: {height: 2154, left: 0, top: 66, width: 1080}, appium:warnings: {}, appium:webStorageEnabled: false, platformName: ANDROID}
Session ID: f3211f66-390a-4416-9011-94d8007a4dbe
at java.base/jdk.internal.reflect.NativeConstructorAccessorImpl.newInstance0(Native Method)
at java.base/jdk.internal.reflect.NativeConstructorAccessorImpl.newInstance(NativeConstructorAccessorImpl.java:77)
at java.base/jdk.internal.reflect.DelegatingConstructorAccessorImpl.newInstance(DelegatingConstructorAccessorImpl.java:45)
at java.base/java.lang.reflect.Constructor.newInstanceWithCaller(Constructor.java:499)
at java.base/java.lang.reflect.Constructor.newInstance(Constructor.java:480)
at org.openqa.selenium.remote.ErrorCodec.decode(ErrorCodec.java:167)
at org.openqa.selenium.remote.codec.w3c.W3CHttpResponseCodec.decode(W3CHttpResponseCodec.java:138)
at org.openqa.selenium.remote.codec.w3c.W3CHttpResponseCodec.decode(W3CHttpResponseCodec.java:50)
at org.openqa.selenium.remote.HttpCommandExecutor.execute(HttpCommandExecutor.java:190)
at io.appium.java_client.remote.AppiumCommandExecutor.execute(AppiumCommandExecutor.java:237)
at org.openqa.selenium.remote.RemoteWebDriver.execute(RemoteWebDriver.java:518)
at org.openqa.selenium.remote.RemoteWebDriver.executeScript(RemoteWebDriver.java:463)
at rahulshettyacademy.BaseTest.LongPress(BaseTest.java:53)
at rahulshettyacademy.LongPress.LongGesture(LongPress.java:24)
at java.base/jdk.internal.reflect.NativeMethodAccessorImpl.invoke0(Native Method)
at java.base/jdk.internal.reflect.NativeMethodAccessorImpl.invoke(NativeMethodAccessorImpl.java:77)
at java.base/jdk.internal.reflect.DelegatingMethodAccessorImpl.invoke(DelegatingMethodAccessorImpl.java:43)
at java.base/java.lang.reflect.Method.invoke(Method.java:568)
at org.testng.internal.MethodInvocationHelper.invokeMethod(MethodInvocationHelper.java:133)
at org.testng.internal.TestInvoker.invokeMethod(TestInvoker.java:598)
at org.testng.internal.TestInvoker.invokeTestMethod(TestInvoker.java:173)
at org.testng.internal.MethodRunner.runInSequence(MethodRunner.java:46)
at org.testng.internal.TestInvoker$MethodInvocationAgent.invoke(TestInvoker.java:824)
at org.testng.internal.TestInvoker.invokeTestMethods(TestInvoker.java:146)
at org.testng.internal.TestMethodWorker.invokeTestMethods(TestMethodWorker.java:146)
at org.testng.internal.TestMethodWorker.run(TestMethodWorker.java:128)
at java.base/java.util.ArrayList.forEach(ArrayList.java:1511)
at org.testng.TestRunner.privateRun(TestRunner.java:794)
at org.testng.TestRunner.run(TestRunner.java:596)
at org.testng.SuiteRunner.runTest(SuiteRunner.java:377)
at org.testng.SuiteRunner.runSequentially(SuiteRunner.java:371)
at org.testng.SuiteRunner.privateRun(SuiteRunner.java:332)
at org.testng.SuiteRunner.run(SuiteRunner.java:276)
at org.testng.SuiteRunnerWorker.runSuite(SuiteRunnerWorker.java:53)
at org.testng.SuiteRunnerWorker.run(SuiteRunnerWorker.java:96)
at org.testng.TestNG.runSuitesSequentially(TestNG.java:1212)
at org.testng.TestNG.runSuitesLocally(TestNG.java:1134)
at org.testng.TestNG.runSuites(TestNG.java:1063)
at org.testng.TestNG.run(TestNG.java:1031)
at org.testng.remote.AbstractRemoteTestNG.run(AbstractRemoteTestNG.java:115)
at org.testng.remote.RemoteTestNG.initAndRun(RemoteTestNG.java:251)
at org.testng.remote.RemoteTestNG.main(RemoteTestNG.java:77)
]]>
    </failure>
  </testcase> <!-- LongGesture -->
</testsuite> <!-- Default test -->
